0 info it worked if it ends with ok
1 verbose cli [ 'E:\\Program Files\\nodejs\\node.exe',
1 verbose cli   'C:\\Users\\MY-PC\\AppData\\Roaming\\npm\\node_modules\\npm\\bin\\npm-cli.js',
1 verbose cli   'start' ]
2 info using npm@4.0.0
3 info using node@v8.12.0
4 verbose run-script [ 'prestart', 'start', 'poststart' ]
5 info lifecycle personalBooksNode@1.0.0~prestart: personalBooksNode@1.0.0
6 silly lifecycle personalBooksNode@1.0.0~prestart: no script for prestart, continuing
7 info lifecycle personalBooksNode@1.0.0~start: personalBooksNode@1.0.0
8 verbose lifecycle personalBooksNode@1.0.0~start: unsafe-perm in lifecycle true
9 verbose lifecycle personalBooksNode@1.0.0~start: PATH: C:\Users\MY-PC\AppData\Roaming\npm\node_modules\npm\bin\node-gyp-bin;E:\Source\Assignments\personalBooksNode\node_modules\.bin;C:\ProgramData\Oracle\Java\javapath;C:\WINDOWS\system32;C:\WINDOWS;C:\WINDOWS\System32\Wbem;C:\WINDOWS\System32\WindowsPowerShell\v1.0\;C:\Program Files\Hewlett-Packard\SimplePass\;C:\Program Files (x86)\Windows Live\Shared;C:\Program Files (x86)\ATI Technologies\ATI.ACE\Core-Static;E:\Program Files\nodejs\;E:\Program Files\Git\cmd;C:\WINDOWS\System32\OpenSSH\;C:\Program Files\MongoDB\Server\4.0\bin;C:\Users\MY-PC\.windows-build-tools\python27\;C:\Users\MY-PC\AppData\Roaming\npm\node_modules\npm\bin\node-gyp-bin;C:\Users\MY-PC\AppData\Roaming\npm\node_modules\windows-build-tools\node_modules\.bin;C:\Users\MY-PC\AppData\Roaming\npm\node_modules\.bin;C:\Users\MY-PC\AppData\Local\Microsoft\WindowsApps;C:\Users\MY-PC\AppData\Roaming\npm;C:\Users\MY-PC\AppData\Local\Programs\Microsoft VS Code\bin;C:\Program Files\heroku\bin
10 verbose lifecycle personalBooksNode@1.0.0~start: CWD: E:\Source\Assignments\personalBooksNode
11 silly lifecycle personalBooksNode@1.0.0~start: Args: [ '/d /s /c', 'node index.js' ]
12 silly lifecycle personalBooksNode@1.0.0~start: Returned: code: 1  signal: null
13 info lifecycle personalBooksNode@1.0.0~start: Failed to exec start script
14 verbose stack Error: personalBooksNode@1.0.0 start: `node index.js`
14 verbose stack Exit status 1
14 verbose stack     at EventEmitter.<anonymous> (C:\Users\MY-PC\AppData\Roaming\npm\node_modules\npm\lib\utils\lifecycle.js:277:16)
14 verbose stack     at emitTwo (events.js:126:13)
14 verbose stack     at EventEmitter.emit (events.js:214:7)
14 verbose stack     at ChildProcess.<anonymous> (C:\Users\MY-PC\AppData\Roaming\npm\node_modules\npm\lib\utils\spawn.js:40:14)
14 verbose stack     at emitTwo (events.js:126:13)
14 verbose stack     at ChildProcess.emit (events.js:214:7)
14 verbose stack     at maybeClose (internal/child_process.js:915:16)
14 verbose stack     at Process.ChildProcess._handle.onexit (internal/child_process.js:209:5)
15 verbose pkgid personalBooksNode@1.0.0
16 verbose cwd E:\Source\Assignments\personalBooksNode
17 error Windows_NT 10.0.17134
18 error argv "E:\\Program Files\\nodejs\\node.exe" "C:\\Users\\MY-PC\\AppData\\Roaming\\npm\\node_modules\\npm\\bin\\npm-cli.js" "start"
19 error node v8.12.0
20 error npm  v4.0.0
21 error code ELIFECYCLE
22 error personalBooksNode@1.0.0 start: `node index.js`
22 error Exit status 1
23 error Failed at the personalBooksNode@1.0.0 start script 'node index.js'.
23 error Make sure you have the latest version of node.js and npm installed.
23 error If you do, this is most likely a problem with the personalBooksNode package,
23 error not with npm itself.
23 error Tell the author that this fails on your system:
23 error     node index.js
23 error You can get information on how to open an issue for this project with:
23 error     npm bugs personalBooksNode
23 error Or if that isn't available, you can get their info via:
23 error     npm owner ls personalBooksNode
23 error There is likely additional logging output above.
24 verbose exit [ 1, true ]
